<?xml version="1.0" encoding="UTF-8"?>
<!-- Generated by org.testng.reporters.JUnitReportReporter -->
<testsuite skipped="0" hostname="DESKTOP-3FTA8TU" name="TestNG.Example10_KeyworddependsOnMethods" tests="2" failures="0" timestamp="2021-07-12T07:57:49 IST" time="0.025" errors="0">
  <testcase name="login" time="0.018" classname="TestNG.Example10_KeyworddependsOnMethods"/>
  <system-out>
    <![CDATA[running login..]]>
  </system-out>
  <testcase name="logout" time="0.007" classname="TestNG.Example10_KeyworddependsOnMethods"/>
  <system-out>
    <![CDATA[running logout..]]>
  </system-out>
</testsuite> <!-- TestNG.Example10_KeyworddependsOnMethods -->
