<?xml version="1.0" encoding="UTF-8"?>
<!-- Generated by org.testng.reporters.JUnitReportReporter -->
<testsuite skipped="0" hostname="DESKTOP-3FTA8TU" name="Pom_DDF.tfhv" tests="1" failures="0" timestamp="2021-07-08T12:02:18 IST" time="0.022" errors="0">
  <testcase name="m1" time="0.022" classname="Pom_DDF.tfhv"/>
  <system-out/>
</testsuite> <!-- Pom_DDF.tfhv -->
