<?xml version="1.0" encoding="UTF-8"?>
<!-- Generated by org.testng.reporters.JUnitReportReporter -->
<testsuite skipped="0" hostname="DESKTOP-3FTA8TU" name="TestNG.demo1Suite2" tests="3" failures="0" timestamp="2021-07-14T07:24:55 IST" time="0.062" errors="0">
  <testcase name="TC6" time="0.018" classname="TestNG.demo1Suite2"/>
  <system-out>
    <![CDATA[running TC6..]]>
  </system-out>
  <testcase name="TC4" time="0.019" classname="TestNG.demo1Suite2"/>
  <system-out>
    <![CDATA[running TC4..]]>
  </system-out>
  <testcase name="TC5" time="0.025" classname="TestNG.demo1Suite2"/>
  <system-out>
    <![CDATA[running TC5..]]>
  </system-out>
</testsuite> <!-- TestNG.demo1Suite2 -->
