<?xml version="1.0" encoding="UTF-8"?>
<!-- Generated by org.testng.reporters.JUnitReportReporter -->
<testsuite skipped="0" hostname="DESKTOP-3FTA8TU" name="TestNG.Example9_KeywordTimeout" tests="1" failures="0" timestamp="2021-07-12T07:51:42 IST" time="4.020" errors="0">
  <testcase name="TC1" time="4.020" classname="TestNG.Example9_KeywordTimeout"/>
  <system-out>
    <![CDATA[running TC1..]]>
  </system-out>
</testsuite> <!-- TestNG.Example9_KeywordTimeout -->
