<?xml version="1.0" encoding="UTF-8"?>
<!-- Generated by org.testng.reporters.JUnitReportReporter -->
<testsuite skipped="0" hostname="DESKTOP-3FTA8TU" name="TestNG.demo1Suite1" tests="3" failures="0" timestamp="2021-07-14T07:24:54 IST" time="0.071" errors="0">
  <testcase name="TC2" time="0.007" classname="TestNG.demo1Suite1"/>
  <system-out>
    <![CDATA[running TC2..]]>
  </system-out>
  <testcase name="TC3" time="0.008" classname="TestNG.demo1Suite1"/>
  <system-out>
    <![CDATA[running TC3..]]>
  </system-out>
  <testcase name="TC1" time="0.056" classname="TestNG.demo1Suite1"/>
  <system-out>
    <![CDATA[running TC1..]]>
  </system-out>
</testsuite> <!-- TestNG.demo1Suite1 -->
