<?xml version="1.0" encoding="UTF-8"?>
<!-- Generated by org.testng.reporters.JUnitReportReporter -->
<testsuite skipped="0" hostname="DESKTOP-3FTA8TU" name="TestNG.Example5_Annotation" tests="2" failures="0" timestamp="2021-07-12T07:31:02 IST" time="0.010" errors="0">
  <testcase name="verifyUserID" time="0.002" classname="TestNG.Example5_Annotation"/>
  <system-out>
    <![CDATA[running verify user ID test script]]>
  </system-out>
  <testcase name="verifyPN" time="0.008" classname="TestNG.Example5_Annotation"/>
  <system-out>
    <![CDATA[running verify PN test script]]>
  </system-out>
</testsuite> <!-- TestNG.Example5_Annotation -->
